<?xml version="1.0" encoding="UTF-8"?>
<testsuite xmlns:xsi="http://www.w3.org/2001/XMLSchema-instance" xsi:noNamespaceSchemaLocation="https://maven.apache.org/surefire/maven-surefire-plugin/xsd/surefire-test-report-3.0.xsd" version="3.0" name="org.sc.springintegration.SpringIntegrationApplicationTests" time="3.212" tests="1" errors="0" skipped="0" failures="0">
  <properties>
[...]
</properties>
  <testcase name="contextLoads" classname="org.sc.springintegration.SpringIntegrationApplicationTests" time="1.033">
    <system-out><![CDATA[14:57:24.732 [main] INFO org.springframework.test.context.support.AnnotationConfigContextLoaderUtils -- Could not detect default configuration classes for test class [org.sc.springintegration.SpringIntegrationApplicationTests]: SpringIntegrationApplicationTests does not declare any static, non-private, non-final, nested classes annotated with @Configuration.
14:57:24.861 [main] INFO org.springframework.boot.test.context.SpringBootTestContextBootstrapper -- Found @SpringBootConfiguration org.sc.springintegration.SpringIntegrationApplication for test class org.sc.springintegration.SpringIntegrationApplicationTests

  .   ____          _            __ _ _
 /\\ / ___'_ __ _ _(_)_ __  __ _ \ \ \ \
( ( )\___ | '_ | '_| | '_ \/ _` | \ \ \ \
 \\/  ___)| |_)| | | | | || (_| |  ) ) ) )
  '  |____| .__|_| |_|_| |_\__, | / / / /
 =========|_|==============|___/=/_/_/_/
 :: Spring Boot ::                (v3.1.5)

2023-10-20T14:57:25.332Z  INFO 17916 --- [           main] o.s.s.SpringIntegrationApplicationTests  : Starting SpringIntegrationApplicationTests using Java 17.0.8.1 with PID 17916 (started by codespace in /workspaces/springintegration)
2023-10-20T14:57:25.334Z  INFO 17916 --- [           main] o.s.s.SpringIntegrationApplicationTests  : No active profile set, falling back to 1 default profile: "default"
2023-10-20T14:57:25.882Z  INFO 17916 --- [           main] faultConfiguringBeanFactoryPostProcessor : No bean named 'errorChannel' has been explicitly defined. Therefore, a default PublishSubscribeChannel will be created.
2023-10-20T14:57:25.915Z  INFO 17916 --- [           main] faultConfiguringBeanFactoryPostProcessor : No bean named 'integrationHeaderChannelRegistry' has been explicitly defined. Therefore, a default DefaultHeaderChannelRegistry will be created.
2023-10-20T14:57:26.652Z  INFO 17916 --- [           main] o.s.i.endpoint.EventDrivenConsumer       : Adding {logging-channel-adapter:_org.springframework.integration.errorLogger} as a subscriber to the 'errorChannel' channel
2023-10-20T14:57:26.653Z  INFO 17916 --- [           main] o.s.i.channel.PublishSubscribeChannel    : Channel 'application.errorChannel' has 1 subscriber(s).
2023-10-20T14:57:26.654Z  INFO 17916 --- [           main] o.s.i.endpoint.EventDrivenConsumer       : started bean '_org.springframework.integration.errorLogger'
2023-10-20T14:57:26.672Z  INFO 17916 --- [           main] o.s.s.SpringIntegrationApplicationTests  : Started SpringIntegrationApplicationTests in 1.651 seconds (process running for 2.806)
]]></system-out>
  </testcase>
</testsuite>